<?xml version="1.0" encoding="UTF-8"?>
<testng-results ignored="0" total="1" passed="1" failed="0" skipped="0">
  <reporter-output>
  </reporter-output>
  <suite started-at="2023-08-05T19:36:28 IST" name="Default suite" finished-at="2023-08-05T19:36:40 IST" duration-ms="12321">
    <groups>
    </groups>
    <test started-at="2023-08-05T19:36:28 IST" name="Default test" finished-at="2023-08-05T19:36:40 IST" duration-ms="12321">
      <class name="insuranceCalculation_Motorcycle.EndToEndTestCase_motorcycle">
        <test-method signature="insuranceCalculate_VolvoMotor()[pri:0, instance:insuranceCalculation_Motorcycle.EndToEndTestCase_motorcycle@2a4fb17b]" started-at="2023-08-05T19:36:28 IST" name="insuranceCalculate_VolvoMotor" finished-at="2023-08-05T19:36:40 IST" duration-ms="12241" status="PASS">
          <reporter-output>
          </reporter-output>
        </test-method> <!-- insuranceCalculate_VolvoMotor -->
      </class> <!-- insuranceCalculation_Motorcycle.EndToEndTestCase_motorcycle -->
    </test> <!-- Default test -->
  </suite> <!-- Default suite -->
</testng-results>
